2025-01-28 02:43:40 error: uncaughtException: _a.getMetadata is not a function
TypeError: _a.getMetadata is not a function
    at ContainerInstance.getServiceValue (C:\Users\alexa\CodeVStudio\investiX\node_modules\src\container-instance.class.ts:276:44)
    at ContainerInstance.get (C:\Users\alexa\CodeVStudio\investiX\node_modules\src\container-instance.class.ts:54:36)
    at Function.get (C:\Users\alexa\CodeVStudio\investiX\node_modules\src\container.class.ts:61:32)
    at new AccountControllerFile (C:\Users\alexa\CodeVStudio\investiX\src\controllers\account.ts:17:37)
    at new AccountRouter (C:\Users\alexa\CodeVStudio\investiX\src\routes\account.ts:21:5)
    at App.initializeRoutes (C:\Users\alexa\CodeVStudio\investiX\src\routes\index.ts:15:33)
    at App.initializeAppRoutes (C:\Users\alexa\CodeVStudio\investiX\src\server\config.ts:102:11)
    at App.initialize (C:\Users\alexa\CodeVStudio\investiX\src\server\config.ts:44:10)
    at start (C:\Users\alexa\CodeVStudio\investiX\src\server\index.ts:4:13)
    at Object.<anonymous> (C:\Users\alexa\CodeVStudio\investiX\src\server\index.ts:7:1)
2025-01-28 02:48:56 error: [GET] /api/account/ballance >> StatusCode:: 500, Message:: Cannot read properties of undefined (reading 'uuid')
2025-01-28 02:49:49 error: [GET] /api/account/ballance >> StatusCode:: 500, Message:: Cannot read properties of undefined (reading 'uuid')
2025-01-28 17:21:13 error: uncaughtException: signature is not defined
ReferenceError: signature is not defined
    at Object.<anonymous> (C:\Users\alexa\CodeVStudio\investiX\src\utils\axiosGates.ts:11:22)
    at Module._compile (node:internal/modules/cjs/loader:1358:14)
    at Module.m._compile (C:\Users\alexa\CodeVStudio\investiX\node_modules\ts-node\src\index.ts:1618:23)
    at Module._extensions..js (node:internal/modules/cjs/loader:1416:10)
    at Object.require.extensions.<computed> [as .ts] (C:\Users\alexa\CodeVStudio\investiX\node_modules\ts-node\src\index.ts:1621:12)
    at Module.load (node:internal/modules/cjs/loader:1208:32)
    at Function.Module._load (node:internal/modules/cjs/loader:1024:12)
    at Module.require (node:internal/modules/cjs/loader:1233:19)
    at require (node:internal/modules/helpers:179:18)
    at Object.<anonymous> (C:\Users\alexa\CodeVStudio\investiX\src\services\account.ts:3:1)
2025-01-28 17:22:45 error: uncaughtException: signature is not defined
ReferenceError: signature is not defined
    at Object.<anonymous> (C:\Users\alexa\CodeVStudio\investiX\src\utils\axiosGates.ts:11:22)
    at Module._compile (node:internal/modules/cjs/loader:1358:14)
    at Module.m._compile (C:\Users\alexa\CodeVStudio\investiX\node_modules\ts-node\src\index.ts:1618:23)
    at Module._extensions..js (node:internal/modules/cjs/loader:1416:10)
    at Object.require.extensions.<computed> [as .ts] (C:\Users\alexa\CodeVStudio\investiX\node_modules\ts-node\src\index.ts:1621:12)
    at Module.load (node:internal/modules/cjs/loader:1208:32)
    at Function.Module._load (node:internal/modules/cjs/loader:1024:12)
    at Module.require (node:internal/modules/cjs/loader:1233:19)
    at require (node:internal/modules/helpers:179:18)
    at Object.<anonymous> (C:\Users\alexa\CodeVStudio\investiX\src\services\account.ts:3:1)
2025-01-28 17:23:10 error: uncaughtException: signature is not defined
ReferenceError: signature is not defined
    at Object.<anonymous> (C:\Users\alexa\CodeVStudio\investiX\src\utils\axiosGates.ts:11:22)
    at Module._compile (node:internal/modules/cjs/loader:1358:14)
    at Module.m._compile (C:\Users\alexa\CodeVStudio\investiX\node_modules\ts-node\src\index.ts:1618:23)
    at Module._extensions..js (node:internal/modules/cjs/loader:1416:10)
    at Object.require.extensions.<computed> [as .ts] (C:\Users\alexa\CodeVStudio\investiX\node_modules\ts-node\src\index.ts:1621:12)
    at Module.load (node:internal/modules/cjs/loader:1208:32)
    at Function.Module._load (node:internal/modules/cjs/loader:1024:12)
    at Module.require (node:internal/modules/cjs/loader:1233:19)
    at require (node:internal/modules/helpers:179:18)
    at Object.<anonymous> (C:\Users\alexa\CodeVStudio\investiX\src\services\account.ts:3:1)
2025-01-28 17:23:30 error: uncaughtException: signature is not defined
ReferenceError: signature is not defined
    at Object.<anonymous> (C:\Users\alexa\CodeVStudio\investiX\src\utils\axiosGates.ts:11:22)
    at Module._compile (node:internal/modules/cjs/loader:1358:14)
    at Module.m._compile (C:\Users\alexa\CodeVStudio\investiX\node_modules\ts-node\src\index.ts:1618:23)
    at Module._extensions..js (node:internal/modules/cjs/loader:1416:10)
    at Object.require.extensions.<computed> [as .ts] (C:\Users\alexa\CodeVStudio\investiX\node_modules\ts-node\src\index.ts:1621:12)
    at Module.load (node:internal/modules/cjs/loader:1208:32)
    at Function.Module._load (node:internal/modules/cjs/loader:1024:12)
    at Module.require (node:internal/modules/cjs/loader:1233:19)
    at require (node:internal/modules/helpers:179:18)
    at Object.<anonymous> (C:\Users\alexa\CodeVStudio\investiX\src\services\account.ts:3:1)
2025-01-28 17:27:17 error: uncaughtException: signature is not defined
ReferenceError: signature is not defined
    at Object.<anonymous> (C:\Users\alexa\CodeVStudio\investiX\src\utils\axiosGates.ts:11:22)
    at Module._compile (node:internal/modules/cjs/loader:1358:14)
    at Module.m._compile (C:\Users\alexa\CodeVStudio\investiX\node_modules\ts-node\src\index.ts:1618:23)
    at Module._extensions..js (node:internal/modules/cjs/loader:1416:10)
    at Object.require.extensions.<computed> [as .ts] (C:\Users\alexa\CodeVStudio\investiX\node_modules\ts-node\src\index.ts:1621:12)
    at Module.load (node:internal/modules/cjs/loader:1208:32)
    at Function.Module._load (node:internal/modules/cjs/loader:1024:12)
    at Module.require (node:internal/modules/cjs/loader:1233:19)
    at require (node:internal/modules/helpers:179:18)
    at Object.<anonymous> (C:\Users\alexa\CodeVStudio\investiX\src\services\account.ts:3:1)
2025-01-28 17:30:43 error: uncaughtException: signature is not defined
ReferenceError: signature is not defined
    at Object.<anonymous> (C:\Users\alexa\CodeVStudio\investiX\src\utils\axiosGates.ts:11:22)
    at Module._compile (node:internal/modules/cjs/loader:1358:14)
    at Module.m._compile (C:\Users\alexa\CodeVStudio\investiX\node_modules\ts-node\src\index.ts:1618:23)
    at Module._extensions..js (node:internal/modules/cjs/loader:1416:10)
    at Object.require.extensions.<computed> [as .ts] (C:\Users\alexa\CodeVStudio\investiX\node_modules\ts-node\src\index.ts:1621:12)
    at Module.load (node:internal/modules/cjs/loader:1208:32)
    at Function.Module._load (node:internal/modules/cjs/loader:1024:12)
    at Module.require (node:internal/modules/cjs/loader:1233:19)
    at require (node:internal/modules/helpers:179:18)
    at Object.<anonymous> (C:\Users\alexa\CodeVStudio\investiX\src\services\account.ts:3:1)
2025-01-28 17:44:58 error: uncaughtException: signature is not defined
ReferenceError: signature is not defined
    at Object.<anonymous> (C:\Users\alexa\CodeVStudio\investiX\src\utils\axiosGates.ts:16:22)
    at Module._compile (node:internal/modules/cjs/loader:1358:14)
    at Module.m._compile (C:\Users\alexa\CodeVStudio\investiX\node_modules\ts-node\src\index.ts:1618:23)
    at Module._extensions..js (node:internal/modules/cjs/loader:1416:10)
    at Object.require.extensions.<computed> [as .ts] (C:\Users\alexa\CodeVStudio\investiX\node_modules\ts-node\src\index.ts:1621:12)
    at Module.load (node:internal/modules/cjs/loader:1208:32)
    at Function.Module._load (node:internal/modules/cjs/loader:1024:12)
    at Module.require (node:internal/modules/cjs/loader:1233:19)
    at require (node:internal/modules/helpers:179:18)
    at Object.<anonymous> (C:\Users\alexa\CodeVStudio\investiX\src\services\account.ts:3:1)
2025-01-28 17:45:40 error: uncaughtException: signature is not defined
ReferenceError: signature is not defined
    at Object.<anonymous> (C:\Users\alexa\CodeVStudio\investiX\src\utils\axiosGates.ts:16:22)
    at Module._compile (node:internal/modules/cjs/loader:1358:14)
    at Module.m._compile (C:\Users\alexa\CodeVStudio\investiX\node_modules\ts-node\src\index.ts:1618:23)
    at Module._extensions..js (node:internal/modules/cjs/loader:1416:10)
    at Object.require.extensions.<computed> [as .ts] (C:\Users\alexa\CodeVStudio\investiX\node_modules\ts-node\src\index.ts:1621:12)
    at Module.load (node:internal/modules/cjs/loader:1208:32)
    at Function.Module._load (node:internal/modules/cjs/loader:1024:12)
    at Module.require (node:internal/modules/cjs/loader:1233:19)
    at require (node:internal/modules/helpers:179:18)
    at Object.<anonymous> (C:\Users\alexa\CodeVStudio\investiX\src\services\account.ts:3:1)
2025-01-28 17:46:16 error: uncaughtException: тип Unable to compile TypeScript:
[96msrc/utils/axiosGates.ts[0m:[93m8[0m:[93m28[0m - [91merror[0m[90m TS1110: [0mType expected.

[7m8[0m   Get(uri: string, option: ) {
[7m [0m [91m                           ~[0m

TSError: тип Unable to compile TypeScript:
[96msrc/utils/axiosGates.ts[0m:[93m8[0m:[93m28[0m - [91merror[0m[90m TS1110: [0mType expected.

[7m8[0m   Get(uri: string, option: ) {
[7m [0m [91m                           ~[0m

    at createTSError (C:\Users\alexa\CodeVStudio\investiX\node_modules\ts-node\src\index.ts:859:12)
    at reportTSError (C:\Users\alexa\CodeVStudio\investiX\node_modules\ts-node\src\index.ts:863:19)
    at C:\Users\alexa\CodeVStudio\investiX\node_modules\ts-node\src\index.ts:1379:34
    at Object.compile (C:\Users\alexa\CodeVStudio\investiX\node_modules\ts-node\src\index.ts:1458:13)
    at Module.m._compile (C:\Users\alexa\CodeVStudio\investiX\node_modules\ts-node\src\index.ts:1617:30)
    at Module._extensions..js (node:internal/modules/cjs/loader:1416:10)
    at Object.require.extensions.<computed> [as .ts] (C:\Users\alexa\CodeVStudio\investiX\node_modules\ts-node\src\index.ts:1621:12)
    at Module.load (node:internal/modules/cjs/loader:1208:32)
    at Function.Module._load (node:internal/modules/cjs/loader:1024:12)
    at Module.require (node:internal/modules/cjs/loader:1233:19)
2025-01-28 17:46:58 error: uncaughtException: signature is not defined
ReferenceError: signature is not defined
    at Object.<anonymous> (C:\Users\alexa\CodeVStudio\investiX\src\utils\axiosGates.ts:17:22)
    at Module._compile (node:internal/modules/cjs/loader:1358:14)
    at Module.m._compile (C:\Users\alexa\CodeVStudio\investiX\node_modules\ts-node\src\index.ts:1618:23)
    at Module._extensions..js (node:internal/modules/cjs/loader:1416:10)
    at Object.require.extensions.<computed> [as .ts] (C:\Users\alexa\CodeVStudio\investiX\node_modules\ts-node\src\index.ts:1621:12)
    at Module.load (node:internal/modules/cjs/loader:1208:32)
    at Function.Module._load (node:internal/modules/cjs/loader:1024:12)
    at Module.require (node:internal/modules/cjs/loader:1233:19)
    at require (node:internal/modules/helpers:179:18)
    at Object.<anonymous> (C:\Users\alexa\CodeVStudio\investiX\src\services\account.ts:3:1)
2025-01-28 17:47:56 error: uncaughtException: тип Unable to compile TypeScript:
[96msrc/utils/axiosGates.ts[0m:[93m11[0m:[93m3[0m - [91merror[0m[90m TS1109: [0mExpression expected.

[7m11[0m   }
[7m  [0m [91m  ~[0m

TSError: тип Unable to compile TypeScript:
[96msrc/utils/axiosGates.ts[0m:[93m11[0m:[93m3[0m - [91merror[0m[90m TS1109: [0mExpression expected.

[7m11[0m   }
[7m  [0m [91m  ~[0m

    at createTSError (C:\Users\alexa\CodeVStudio\investiX\node_modules\ts-node\src\index.ts:859:12)
    at reportTSError (C:\Users\alexa\CodeVStudio\investiX\node_modules\ts-node\src\index.ts:863:19)
    at C:\Users\alexa\CodeVStudio\investiX\node_modules\ts-node\src\index.ts:1379:34
    at Object.compile (C:\Users\alexa\CodeVStudio\investiX\node_modules\ts-node\src\index.ts:1458:13)
    at Module.m._compile (C:\Users\alexa\CodeVStudio\investiX\node_modules\ts-node\src\index.ts:1617:30)
    at Module._extensions..js (node:internal/modules/cjs/loader:1416:10)
    at Object.require.extensions.<computed> [as .ts] (C:\Users\alexa\CodeVStudio\investiX\node_modules\ts-node\src\index.ts:1621:12)
    at Module.load (node:internal/modules/cjs/loader:1208:32)
    at Function.Module._load (node:internal/modules/cjs/loader:1024:12)
    at Module.require (node:internal/modules/cjs/loader:1233:19)
2025-01-28 17:49:42 error: uncaughtException: тип Unable to compile TypeScript:
[96msrc/utils/axiosGates.ts[0m:[93m11[0m:[93m3[0m - [91merror[0m[90m TS1109: [0mExpression expected.

[7m11[0m   }
[7m  [0m [91m  ~[0m

TSError: тип Unable to compile TypeScript:
[96msrc/utils/axiosGates.ts[0m:[93m11[0m:[93m3[0m - [91merror[0m[90m TS1109: [0mExpression expected.

[7m11[0m   }
[7m  [0m [91m  ~[0m

    at createTSError (C:\Users\alexa\CodeVStudio\investiX\node_modules\ts-node\src\index.ts:859:12)
    at reportTSError (C:\Users\alexa\CodeVStudio\investiX\node_modules\ts-node\src\index.ts:863:19)
    at C:\Users\alexa\CodeVStudio\investiX\node_modules\ts-node\src\index.ts:1379:34
    at Object.compile (C:\Users\alexa\CodeVStudio\investiX\node_modules\ts-node\src\index.ts:1458:13)
    at Module.m._compile (C:\Users\alexa\CodeVStudio\investiX\node_modules\ts-node\src\index.ts:1617:30)
    at Module._extensions..js (node:internal/modules/cjs/loader:1416:10)
    at Object.require.extensions.<computed> [as .ts] (C:\Users\alexa\CodeVStudio\investiX\node_modules\ts-node\src\index.ts:1621:12)
    at Module.load (node:internal/modules/cjs/loader:1208:32)
    at Function.Module._load (node:internal/modules/cjs/loader:1024:12)
    at Module.require (node:internal/modules/cjs/loader:1233:19)
2025-01-28 18:26:14 error: uncaughtException: тип Unable to compile TypeScript:
[96msrc/utils/axiosGates.ts[0m:[93m11[0m:[93m3[0m - [91merror[0m[90m TS1109: [0mExpression expected.

[7m11[0m   }
[7m  [0m [91m  ~[0m

TSError: тип Unable to compile TypeScript:
[96msrc/utils/axiosGates.ts[0m:[93m11[0m:[93m3[0m - [91merror[0m[90m TS1109: [0mExpression expected.

[7m11[0m   }
[7m  [0m [91m  ~[0m

    at createTSError (C:\Users\alexa\CodeVStudio\investiX\node_modules\ts-node\src\index.ts:859:12)
    at reportTSError (C:\Users\alexa\CodeVStudio\investiX\node_modules\ts-node\src\index.ts:863:19)
    at C:\Users\alexa\CodeVStudio\investiX\node_modules\ts-node\src\index.ts:1379:34
    at Object.compile (C:\Users\alexa\CodeVStudio\investiX\node_modules\ts-node\src\index.ts:1458:13)
    at Module.m._compile (C:\Users\alexa\CodeVStudio\investiX\node_modules\ts-node\src\index.ts:1617:30)
    at Module._extensions..js (node:internal/modules/cjs/loader:1416:10)
    at Object.require.extensions.<computed> [as .ts] (C:\Users\alexa\CodeVStudio\investiX\node_modules\ts-node\src\index.ts:1621:12)
    at Module.load (node:internal/modules/cjs/loader:1208:32)
    at Function.Module._load (node:internal/modules/cjs/loader:1024:12)
    at Module.require (node:internal/modules/cjs/loader:1233:19)
2025-01-28 18:28:26 error: uncaughtException: тип Unable to compile TypeScript:
[96msrc/utils/axiosGates.ts[0m:[93m11[0m:[93m3[0m - [91merror[0m[90m TS1109: [0mExpression expected.

[7m11[0m   }
[7m  [0m [91m  ~[0m

TSError: тип Unable to compile TypeScript:
[96msrc/utils/axiosGates.ts[0m:[93m11[0m:[93m3[0m - [91merror[0m[90m TS1109: [0mExpression expected.

[7m11[0m   }
[7m  [0m [91m  ~[0m

    at createTSError (C:\Users\alexa\CodeVStudio\investiX\node_modules\ts-node\src\index.ts:859:12)
    at reportTSError (C:\Users\alexa\CodeVStudio\investiX\node_modules\ts-node\src\index.ts:863:19)
    at C:\Users\alexa\CodeVStudio\investiX\node_modules\ts-node\src\index.ts:1379:34
    at Object.compile (C:\Users\alexa\CodeVStudio\investiX\node_modules\ts-node\src\index.ts:1458:13)
    at Module.m._compile (C:\Users\alexa\CodeVStudio\investiX\node_modules\ts-node\src\index.ts:1617:30)
    at Module._extensions..js (node:internal/modules/cjs/loader:1416:10)
    at Object.require.extensions.<computed> [as .ts] (C:\Users\alexa\CodeVStudio\investiX\node_modules\ts-node\src\index.ts:1621:12)
    at Module.load (node:internal/modules/cjs/loader:1208:32)
    at Function.Module._load (node:internal/modules/cjs/loader:1024:12)
    at Module.require (node:internal/modules/cjs/loader:1233:19)
2025-01-28 18:31:20 error: uncaughtException: тип Unable to compile TypeScript:
[96msrc/utils/axiosGates.ts[0m:[93m11[0m:[93m3[0m - [91merror[0m[90m TS1109: [0mExpression expected.

[7m11[0m   }
[7m  [0m [91m  ~[0m

TSError: тип Unable to compile TypeScript:
[96msrc/utils/axiosGates.ts[0m:[93m11[0m:[93m3[0m - [91merror[0m[90m TS1109: [0mExpression expected.

[7m11[0m   }
[7m  [0m [91m  ~[0m

    at createTSError (C:\Users\alexa\CodeVStudio\investiX\node_modules\ts-node\src\index.ts:859:12)
    at reportTSError (C:\Users\alexa\CodeVStudio\investiX\node_modules\ts-node\src\index.ts:863:19)
    at C:\Users\alexa\CodeVStudio\investiX\node_modules\ts-node\src\index.ts:1379:34
    at Object.compile (C:\Users\alexa\CodeVStudio\investiX\node_modules\ts-node\src\index.ts:1458:13)
    at Module.m._compile (C:\Users\alexa\CodeVStudio\investiX\node_modules\ts-node\src\index.ts:1617:30)
    at Module._extensions..js (node:internal/modules/cjs/loader:1416:10)
    at Object.require.extensions.<computed> [as .ts] (C:\Users\alexa\CodeVStudio\investiX\node_modules\ts-node\src\index.ts:1621:12)
    at Module.load (node:internal/modules/cjs/loader:1208:32)
    at Function.Module._load (node:internal/modules/cjs/loader:1024:12)
    at Module.require (node:internal/modules/cjs/loader:1233:19)
2025-01-28 18:37:13 error: uncaughtException: signature is not defined
ReferenceError: signature is not defined
    at Object.<anonymous> (C:\Users\alexa\CodeVStudio\investiX\src\utils\axiosGates.ts:26:22)
    at Module._compile (node:internal/modules/cjs/loader:1358:14)
    at Module.m._compile (C:\Users\alexa\CodeVStudio\investiX\node_modules\ts-node\src\index.ts:1618:23)
    at Module._extensions..js (node:internal/modules/cjs/loader:1416:10)
    at Object.require.extensions.<computed> [as .ts] (C:\Users\alexa\CodeVStudio\investiX\node_modules\ts-node\src\index.ts:1621:12)
    at Module.load (node:internal/modules/cjs/loader:1208:32)
    at Function.Module._load (node:internal/modules/cjs/loader:1024:12)
    at Module.require (node:internal/modules/cjs/loader:1233:19)
    at require (node:internal/modules/helpers:179:18)
    at Object.<anonymous> (C:\Users\alexa\CodeVStudio\investiX\src\services\account.ts:3:1)
2025-01-28 18:52:56 error: uncaughtException: signature is not defined
ReferenceError: signature is not defined
    at Object.<anonymous> (C:\Users\alexa\CodeVStudio\investiX\src\utils\axiosGates.ts:26:22)
    at Module._compile (node:internal/modules/cjs/loader:1358:14)
    at Module.m._compile (C:\Users\alexa\CodeVStudio\investiX\node_modules\ts-node\src\index.ts:1618:23)
    at Module._extensions..js (node:internal/modules/cjs/loader:1416:10)
    at Object.require.extensions.<computed> [as .ts] (C:\Users\alexa\CodeVStudio\investiX\node_modules\ts-node\src\index.ts:1621:12)
    at Module.load (node:internal/modules/cjs/loader:1208:32)
    at Function.Module._load (node:internal/modules/cjs/loader:1024:12)
    at Module.require (node:internal/modules/cjs/loader:1233:19)
    at require (node:internal/modules/helpers:179:18)
    at Object.<anonymous> (C:\Users\alexa\CodeVStudio\investiX\src\services\account.ts:3:1)
2025-01-28 18:53:36 error: uncaughtException: signature is not defined
ReferenceError: signature is not defined
    at Object.<anonymous> (C:\Users\alexa\CodeVStudio\investiX\src\utils\axiosGates.ts:26:22)
    at Module._compile (node:internal/modules/cjs/loader:1358:14)
    at Module.m._compile (C:\Users\alexa\CodeVStudio\investiX\node_modules\ts-node\src\index.ts:1618:23)
    at Module._extensions..js (node:internal/modules/cjs/loader:1416:10)
    at Object.require.extensions.<computed> [as .ts] (C:\Users\alexa\CodeVStudio\investiX\node_modules\ts-node\src\index.ts:1621:12)
    at Module.load (node:internal/modules/cjs/loader:1208:32)
    at Function.Module._load (node:internal/modules/cjs/loader:1024:12)
    at Module.require (node:internal/modules/cjs/loader:1233:19)
    at require (node:internal/modules/helpers:179:18)
    at Object.<anonymous> (C:\Users\alexa\CodeVStudio\investiX\src\services\account.ts:3:1)
2025-01-28 18:58:48 error: uncaughtException: signature is not defined
ReferenceError: signature is not defined
    at Object.<anonymous> (C:\Users\alexa\CodeVStudio\investiX\src\utils\axiosGates.ts:26:22)
    at Module._compile (node:internal/modules/cjs/loader:1358:14)
    at Module.m._compile (C:\Users\alexa\CodeVStudio\investiX\node_modules\ts-node\src\index.ts:1618:23)
    at Module._extensions..js (node:internal/modules/cjs/loader:1416:10)
    at Object.require.extensions.<computed> [as .ts] (C:\Users\alexa\CodeVStudio\investiX\node_modules\ts-node\src\index.ts:1621:12)
    at Module.load (node:internal/modules/cjs/loader:1208:32)
    at Function.Module._load (node:internal/modules/cjs/loader:1024:12)
    at Module.require (node:internal/modules/cjs/loader:1233:19)
    at require (node:internal/modules/helpers:179:18)
    at Object.<anonymous> (C:\Users\alexa\CodeVStudio\investiX\src\services\account.ts:3:1)
2025-01-28 19:01:25 error: uncaughtException: signature is not defined
ReferenceError: signature is not defined
    at Object.<anonymous> (C:\Users\alexa\CodeVStudio\investiX\src\utils\axiosGates.ts:26:22)
    at Module._compile (node:internal/modules/cjs/loader:1358:14)
    at Module.m._compile (C:\Users\alexa\CodeVStudio\investiX\node_modules\ts-node\src\index.ts:1618:23)
    at Module._extensions..js (node:internal/modules/cjs/loader:1416:10)
    at Object.require.extensions.<computed> [as .ts] (C:\Users\alexa\CodeVStudio\investiX\node_modules\ts-node\src\index.ts:1621:12)
    at Module.load (node:internal/modules/cjs/loader:1208:32)
    at Function.Module._load (node:internal/modules/cjs/loader:1024:12)
    at Module.require (node:internal/modules/cjs/loader:1233:19)
    at require (node:internal/modules/helpers:179:18)
    at Object.<anonymous> (C:\Users\alexa\CodeVStudio\investiX\src\services\account.ts:3:1)
2025-01-28 19:02:12 error: uncaughtException: signature is not defined
ReferenceError: signature is not defined
    at Object.<anonymous> (C:\Users\alexa\CodeVStudio\investiX\src\utils\axiosGates.ts:26:22)
    at Module._compile (node:internal/modules/cjs/loader:1358:14)
    at Module.m._compile (C:\Users\alexa\CodeVStudio\investiX\node_modules\ts-node\src\index.ts:1618:23)
    at Module._extensions..js (node:internal/modules/cjs/loader:1416:10)
    at Object.require.extensions.<computed> [as .ts] (C:\Users\alexa\CodeVStudio\investiX\node_modules\ts-node\src\index.ts:1621:12)
    at Module.load (node:internal/modules/cjs/loader:1208:32)
    at Function.Module._load (node:internal/modules/cjs/loader:1024:12)
    at Module.require (node:internal/modules/cjs/loader:1233:19)
    at require (node:internal/modules/helpers:179:18)
    at Object.<anonymous> (C:\Users\alexa\CodeVStudio\investiX\src\services\account.ts:3:1)
2025-01-28 19:10:21 error: uncaughtException: signature is not defined
ReferenceError: signature is not defined
    at Object.<anonymous> (C:\Users\alexa\CodeVStudio\investiX\src\utils\axiosGates.ts:26:22)
    at Module._compile (node:internal/modules/cjs/loader:1358:14)
    at Module.m._compile (C:\Users\alexa\CodeVStudio\investiX\node_modules\ts-node\src\index.ts:1618:23)
    at Module._extensions..js (node:internal/modules/cjs/loader:1416:10)
    at Object.require.extensions.<computed> [as .ts] (C:\Users\alexa\CodeVStudio\investiX\node_modules\ts-node\src\index.ts:1621:12)
    at Module.load (node:internal/modules/cjs/loader:1208:32)
    at Function.Module._load (node:internal/modules/cjs/loader:1024:12)
    at Module.require (node:internal/modules/cjs/loader:1233:19)
    at require (node:internal/modules/helpers:179:18)
    at Object.<anonymous> (C:\Users\alexa\CodeVStudio\investiX\src\services\account.ts:3:1)
2025-01-28 19:30:45 error: uncaughtException: listen EADDRINUSE: address already in use :::3000
Error: listen EADDRINUSE: address already in use :::3000
    at Server.setupListenHandle [as _listen2] (node:net:1898:16)
    at listenInCluster (node:net:1946:12)
    at Server.listen (node:net:2044:7)
    at App.listen (C:\Users\alexa\CodeVStudio\investiX\src\server\config.ts:51:15)
    at start (C:\Users\alexa\CodeVStudio\investiX\src\server\index.ts:5:7)
    at processTicksAndRejections (node:internal/process/task_queues:95:5)
2025-01-28 19:36:22 error: AuthControllerFile.register =>  Invalid status code: 0
2025-01-28 19:36:22 error: [GET] /api/account/ballance >> StatusCode:: 500, Message:: Invalid status code: 0
2025-01-28 19:36:35 error: AuthControllerFile.register =>  Invalid status code: 0
2025-01-28 19:36:35 error: [GET] /api/account/ballance >> StatusCode:: 500, Message:: Invalid status code: 0
2025-01-28 23:26:37 error: ApiServiceFile.getBallance =>  Request failed with status code 403
2025-01-28 23:26:37 error: [GET] /api/spot/list >> StatusCode:: 505, Message:: Echec de la connexion avec la base de donnees
2025-01-28 23:27:44 error: ApiServiceFile.getBallance =>  Request failed with status code 403
2025-01-28 23:27:44 error: [GET] /api/spot/list >> StatusCode:: 505, Message:: Echec de la requete API
