2025-02-20 16:53:19 error: uncaughtException: тип Unable to compile TypeScript:
[96msrc/controllers/spot.ts[0m:[93m32[0m:[93m7[0m - [91merror[0m[90m TS1109: [0mExpression expected.

[7m32[0m       });
[7m  [0m [91m      ~[0m

TSError: тип Unable to compile TypeScript:
[96msrc/controllers/spot.ts[0m:[93m32[0m:[93m7[0m - [91merror[0m[90m TS1109: [0mExpression expected.

[7m32[0m       });
[7m  [0m [91m      ~[0m

    at createTSError (C:\Users\alexa\CodeVStudio\investiX\node_modules\ts-node\src\index.ts:859:12)
    at reportTSError (C:\Users\alexa\CodeVStudio\investiX\node_modules\ts-node\src\index.ts:863:19)
    at C:\Users\alexa\CodeVStudio\investiX\node_modules\ts-node\src\index.ts:1379:34
    at Object.compile (C:\Users\alexa\CodeVStudio\investiX\node_modules\ts-node\src\index.ts:1458:13)
    at Module.m._compile (C:\Users\alexa\CodeVStudio\investiX\node_modules\ts-node\src\index.ts:1617:30)
    at Module._extensions..js (node:internal/modules/cjs/loader:1416:10)
    at Object.require.extensions.<computed> [as .ts] (C:\Users\alexa\CodeVStudio\investiX\node_modules\ts-node\src\index.ts:1621:12)
    at Module.load (node:internal/modules/cjs/loader:1208:32)
    at Function.Module._load (node:internal/modules/cjs/loader:1024:12)
    at Module.require (node:internal/modules/cjs/loader:1233:19)
2025-02-20 16:58:18 error: uncaughtException: тип Unable to compile TypeScript:
[96msrc/controllers/spot.ts[0m:[93m31[0m:[93m25[0m - [91merror[0m[90m TS1003: [0mIdentifier expected.

[7m31[0m         Vibrant.from(el.)
[7m  [0m [91m                        ~[0m

TSError: тип Unable to compile TypeScript:
[96msrc/controllers/spot.ts[0m:[93m31[0m:[93m25[0m - [91merror[0m[90m TS1003: [0mIdentifier expected.

[7m31[0m         Vibrant.from(el.)
[7m  [0m [91m                        ~[0m

    at createTSError (C:\Users\alexa\CodeVStudio\investiX\node_modules\ts-node\src\index.ts:859:12)
    at reportTSError (C:\Users\alexa\CodeVStudio\investiX\node_modules\ts-node\src\index.ts:863:19)
    at C:\Users\alexa\CodeVStudio\investiX\node_modules\ts-node\src\index.ts:1379:34
    at Object.compile (C:\Users\alexa\CodeVStudio\investiX\node_modules\ts-node\src\index.ts:1458:13)
    at Module.m._compile (C:\Users\alexa\CodeVStudio\investiX\node_modules\ts-node\src\index.ts:1617:30)
    at Module._extensions..js (node:internal/modules/cjs/loader:1416:10)
    at Object.require.extensions.<computed> [as .ts] (C:\Users\alexa\CodeVStudio\investiX\node_modules\ts-node\src\index.ts:1621:12)
    at Module.load (node:internal/modules/cjs/loader:1208:32)
    at Function.Module._load (node:internal/modules/cjs/loader:1024:12)
    at Module.require (node:internal/modules/cjs/loader:1233:19)
