2025-07-16 02:34:47 error: AuthControllerFile.register =>  Cannot read properties of undefined (reading 'queryBuilder')
2025-07-16 02:36:26 error: AuthControllerFile.register =>  Cannot read properties of undefined (reading 'queryBuilder')
2025-07-16 02:37:19 error: AuthControllerFile.register =>  Cannot read properties of undefined (reading 'queryBuilder')
2025-07-16 02:43:15 error: AuthControllerFile.register =>  Cannot read properties of undefined (reading 'queryBuilder')
2025-07-16 02:50:26 error: uncaughtException: listen EADDRINUSE: address already in use :::3005
Error: listen EADDRINUSE: address already in use :::3005
    at Server.setupListenHandle [as _listen2] (node:net:1898:16)
    at listenInCluster (node:net:1946:12)
    at Server.listen (node:net:2044:7)
    at App.listen (C:\Users\alexa\CodeVStudio\chessGame\server\src\server\app.ts:76:17)
    at start (C:\Users\alexa\CodeVStudio\chessGame\server\src\server\index.ts:4:7)
    at Object.<anonymous> (C:\Users\alexa\CodeVStudio\chessGame\server\src\server\index.ts:7:1)
    at Module._compile (node:internal/modules/cjs/loader:1358:14)
    at Module.m._compile (C:\Users\alexa\CodeVStudio\chessGame\node_modules\.pnpm\ts-node@10.9.2_@swc+core@1._aa2170ea154de2f44cc6051b714e978d\node_modules\ts-node\src\index.ts:1618:23)
    at Module._extensions..js (node:internal/modules/cjs/loader:1416:10)
    at Object.require.extensions.<computed> [as .ts] (C:\Users\alexa\CodeVStudio\chessGame\node_modules\.pnpm\ts-node@10.9.2_@swc+core@1._aa2170ea154de2f44cc6051b714e978d\node_modules\ts-node\src\index.ts:1621:12)
2025-07-16 02:51:07 error: AuthServiceFile.register =>  une valeur NULL viole la contrainte NOT NULL de la colonne Â« first_name Â» dans la relation Â« users Â»
2025-07-16 02:51:07 error: QueryBuilderFile.transactionBuilder =>  The internal service encountered an unexpected error. Please try again later.
2025-07-16 02:52:54 error: MailerService.sendMailAsync =>  Mail command failed: 451 4.0.0 Invalid from
2025-07-16 02:52:54 error: MailerService.Registration =>  The internal service encountered an unexpected error. Please try again later.
2025-07-16 02:52:54 error: QueryBuilderFile.transactionBuilder =>  The internal service encountered an unexpected error. Please try again later.
2025-07-16 02:53:44 error: MailerService.sendMailAsync =>  Mail command failed: 451 4.0.0 Invalid from
2025-07-16 02:53:44 error: MailerService.Registration =>  The internal service encountered an unexpected error. Please try again later.
2025-07-16 02:53:44 error: QueryBuilderFile.transactionBuilder =>  The internal service encountered an unexpected error. Please try again later.
2025-07-16 02:55:58 error: MailerService.sendMailAsync =>  Mail command failed: 451 4.0.0 Invalid from
2025-07-16 02:55:58 error: MailerService.Registration =>  The internal service encountered an unexpected error. Please try again later.
2025-07-16 02:55:58 error: QueryBuilderFile.transactionBuilder =>  The internal service encountered an unexpected error. Please try again later.
2025-07-16 03:04:11 error: MailerService.sendMailAsync =>  Mail command failed: 451 4.0.0 Invalid from
2025-07-16 03:04:11 error: MailerService.Registration =>  The internal service encountered an unexpected error. Please try again later.
2025-07-16 03:04:11 error: QueryBuilderFile.transactionBuilder =>  The internal service encountered an unexpected error. Please try again later.
2025-07-16 03:05:58 error: MailerService.sendMailAsync =>  Mail command failed: 451 4.0.0 Invalid from
2025-07-16 03:05:58 error: MailerService.Registration =>  The internal service encountered an unexpected error. Please try again later.
2025-07-16 03:05:58 error: QueryBuilderFile.transactionBuilder =>  The internal service encountered an unexpected error. Please try again later.
2025-07-16 18:13:15 error: uncaughtException: â¨¯ Unable to compile TypeScript:
[96msrc/models/users.ts[0m:[93m10[0m:[93m14[0m - [91merror[0m[90m TS1003: [0mIdentifier expected.

[7m10[0m     if (this.?.password === null) return false;
[7m  [0m [91m             ~~[0m

TSError: â¨¯ Unable to compile TypeScript:
[96msrc/models/users.ts[0m:[93m10[0m:[93m14[0m - [91merror[0m[90m TS1003: [0mIdentifier expected.

[7m10[0m     if (this.?.password === null) return false;
[7m  [0m [91m             ~~[0m

    at createTSError (C:\Users\alexa\CodeVStudio\chessGame\node_modules\.pnpm\ts-node@10.9.2_@swc+core@1._aa2170ea154de2f44cc6051b714e978d\node_modules\ts-node\src\index.ts:859:12)
    at reportTSError (C:\Users\alexa\CodeVStudio\chessGame\node_modules\.pnpm\ts-node@10.9.2_@swc+core@1._aa2170ea154de2f44cc6051b714e978d\node_modules\ts-node\src\index.ts:863:19)
    at C:\Users\alexa\CodeVStudio\chessGame\node_modules\.pnpm\ts-node@10.9.2_@swc+core@1._aa2170ea154de2f44cc6051b714e978d\node_modules\ts-node\src\index.ts:1379:34
    at Object.compile (C:\Users\alexa\CodeVStudio\chessGame\node_modules\.pnpm\ts-node@10.9.2_@swc+core@1._aa2170ea154de2f44cc6051b714e978d\node_modules\ts-node\src\index.ts:1458:13)
    at Module.m._compile (C:\Users\alexa\CodeVStudio\chessGame\node_modules\.pnpm\ts-node@10.9.2_@swc+core@1._aa2170ea154de2f44cc6051b714e978d\node_modules\ts-node\src\index.ts:1617:30)
    at Module._extensions..js (node:internal/modules/cjs/loader:1416:10)
    at Object.require.extensions.<computed> [as .ts] (C:\Users\alexa\CodeVStudio\chessGame\node_modules\.pnpm\ts-node@10.9.2_@swc+core@1._aa2170ea154de2f44cc6051b714e978d\node_modules\ts-node\src\index.ts:1621:12)
    at Module.load (node:internal/modules/cjs/loader:1208:32)
    at Function.Module._load (node:internal/modules/cjs/loader:1024:12)
    at Module.require (node:internal/modules/cjs/loader:1233:19)
2025-07-16 18:22:53 error: uncaughtException: â¨¯ Unable to compile TypeScript:
[96msrc/models/users.ts[0m:[93m6[0m:[93m16[0m - [91merror[0m[90m TS1003: [0mIdentifier expected.

[7m6[0m     await this.
[7m [0m [91m               [0m

TSError: â¨¯ Unable to compile TypeScript:
[96msrc/models/users.ts[0m:[93m6[0m:[93m16[0m - [91merror[0m[90m TS1003: [0mIdentifier expected.

[7m6[0m     await this.
[7m [0m [91m               [0m

    at createTSError (C:\Users\alexa\CodeVStudio\chessGame\node_modules\.pnpm\ts-node@10.9.2_@swc+core@1._aa2170ea154de2f44cc6051b714e978d\node_modules\ts-node\src\index.ts:859:12)
    at reportTSError (C:\Users\alexa\CodeVStudio\chessGame\node_modules\.pnpm\ts-node@10.9.2_@swc+core@1._aa2170ea154de2f44cc6051b714e978d\node_modules\ts-node\src\index.ts:863:19)
    at C:\Users\alexa\CodeVStudio\chessGame\node_modules\.pnpm\ts-node@10.9.2_@swc+core@1._aa2170ea154de2f44cc6051b714e978d\node_modules\ts-node\src\index.ts:1379:34
    at Object.compile (C:\Users\alexa\CodeVStudio\chessGame\node_modules\.pnpm\ts-node@10.9.2_@swc+core@1._aa2170ea154de2f44cc6051b714e978d\node_modules\ts-node\src\index.ts:1458:13)
    at Module.m._compile (C:\Users\alexa\CodeVStudio\chessGame\node_modules\.pnpm\ts-node@10.9.2_@swc+core@1._aa2170ea154de2f44cc6051b714e978d\node_modules\ts-node\src\index.ts:1617:30)
    at Module._extensions..js (node:internal/modules/cjs/loader:1416:10)
    at Object.require.extensions.<computed> [as .ts] (C:\Users\alexa\CodeVStudio\chessGame\node_modules\.pnpm\ts-node@10.9.2_@swc+core@1._aa2170ea154de2f44cc6051b714e978d\node_modules\ts-node\src\index.ts:1621:12)
    at Module.load (node:internal/modules/cjs/loader:1208:32)
    at Function.Module._load (node:internal/modules/cjs/loader:1024:12)
    at Module.require (node:internal/modules/cjs/loader:1233:19)
2025-07-16 20:16:19 error: uncaughtException: loginSchema is not defined
ReferenceError: loginSchema is not defined
    at AuthRouter.initializeRoutes (C:\Users\alexa\CodeVStudio\chessGame\server\src\routes\auth.ts:30:29)
    at new AuthRouter (C:\Users\alexa\CodeVStudio\chessGame\server\src\routes\auth.ts:23:10)
    at App.initializeRoutes (C:\Users\alexa\CodeVStudio\chessGame\server\src\routes\index.ts:16:30)
    at App.initializeAppRoutes (C:\Users\alexa\CodeVStudio\chessGame\server\src\server\app.ts:160:11)
    at App.initialize (C:\Users\alexa\CodeVStudio\chessGame\server\src\server\app.ts:62:10)
    at processTicksAndRejections (node:internal/process/task_queues:95:5)
    at async start (C:\Users\alexa\CodeVStudio\chessGame\server\src\server\index.ts:5:3)
2025-07-16 20:34:01 error: uncaughtException: Cannot find module '@/decorators/skipInTest'
Require stack:
- C:\Users\alexa\CodeVStudio\chessGame\server\src\middlewares\error.ts
- C:\Users\alexa\CodeVStudio\chessGame\server\src\server\app.ts
- C:\Users\alexa\CodeVStudio\chessGame\server\src\server\index.ts
Error: Cannot find module '@/decorators/skipInTest'
Require stack:
- C:\Users\alexa\CodeVStudio\chessGame\server\src\middlewares\error.ts
- C:\Users\alexa\CodeVStudio\chessGame\server\src\server\app.ts
- C:\Users\alexa\CodeVStudio\chessGame\server\src\server\index.ts
    at Function.Module._resolveFilename (node:internal/modules/cjs/loader:1145:15)
    at Function.Module._resolveFilename.sharedData.moduleResolveFilenameHook.installedValue (C:\Users\alexa\CodeVStudio\chessGame\node_modules\.pnpm\@cspotcode+source-map-support@0.8.1\node_modules\@cspotcode\source-map-support\source-map-support.js:811:30)
    at Function.Module._resolveFilename (C:\Users\alexa\CodeVStudio\chessGame\node_modules\.pnpm\tsconfig-paths@4.2.0\node_modules\tsconfig-paths\src\register.ts:115:36)
    at Function.Module._load (node:internal/modules/cjs/loader:986:27)
    at Module.require (node:internal/modules/cjs/loader:1233:19)
    at require (node:internal/modules/helpers:179:18)
    at Object.<anonymous> (C:\Users\alexa\CodeVStudio\chessGame\server\src\middlewares\error.ts:1:1)
    at Module._compile (node:internal/modules/cjs/loader:1358:14)
    at Module.m._compile (C:\Users\alexa\CodeVStudio\chessGame\node_modules\.pnpm\ts-node@10.9.2_@swc+core@1._aa2170ea154de2f44cc6051b714e978d\node_modules\ts-node\src\index.ts:1618:23)
    at Module._extensions..js (node:internal/modules/cjs/loader:1416:10)
2025-07-16 20:45:17 error: Passeport.LocalStrategy error :  Email ou mot de passe incorrect !
2025-07-16 20:46:01 error: Passeport.LocalStrategy error :  Email ou mot de passe incorrect !
2025-07-16 20:47:18 error: Passeport.LocalStrategy error :  Email ou mot de passe incorrect !
2025-07-16 20:47:25 error: Passeport.LocalStrategy error :  Please verify your email address by clicking the link sent to your email address before logging in.
2025-07-16 21:02:08 error: uncaughtException: Cannot find module '@/services/users'
Require stack:
- C:\Users\alexa\CodeVStudio\chessGame\server\src\libs\passport.ts
- C:\Users\alexa\CodeVStudio\chessGame\server\src\server\app.ts
- C:\Users\alexa\CodeVStudio\chessGame\server\src\server\index.ts
Error: Cannot find module '@/services/users'
Require stack:
- C:\Users\alexa\CodeVStudio\chessGame\server\src\libs\passport.ts
- C:\Users\alexa\CodeVStudio\chessGame\server\src\server\app.ts
- C:\Users\alexa\CodeVStudio\chessGame\server\src\server\index.ts
    at Function.Module._resolveFilename (node:internal/modules/cjs/loader:1145:15)
    at Function.Module._resolveFilename.sharedData.moduleResolveFilenameHook.installedValue (C:\Users\alexa\CodeVStudio\chessGame\node_modules\.pnpm\@cspotcode+source-map-support@0.8.1\node_modules\@cspotcode\source-map-support\source-map-support.js:811:30)
    at Function.Module._resolveFilename (C:\Users\alexa\CodeVStudio\chessGame\node_modules\.pnpm\tsconfig-paths@4.2.0\node_modules\tsconfig-paths\src\register.ts:115:36)
    at Function.Module._load (node:internal/modules/cjs/loader:986:27)
    at Module.require (node:internal/modules/cjs/loader:1233:19)
    at require (node:internal/modules/helpers:179:18)
    at Object.<anonymous> (C:\Users\alexa\CodeVStudio\chessGame\server\src\libs\passport.ts:8:1)
    at Module._compile (node:internal/modules/cjs/loader:1358:14)
    at Module.m._compile (C:\Users\alexa\CodeVStudio\chessGame\node_modules\.pnpm\ts-node@10.9.2_@swc+core@1._aa2170ea154de2f44cc6051b714e978d\node_modules\ts-node\src\index.ts:1618:23)
    at Module._extensions..js (node:internal/modules/cjs/loader:1416:10)
2025-07-16 21:02:15 error: uncaughtException: Cannot find module '@/services/users'
Require stack:
- C:\Users\alexa\CodeVStudio\chessGame\server\src\libs\passport.ts
- C:\Users\alexa\CodeVStudio\chessGame\server\src\server\app.ts
- C:\Users\alexa\CodeVStudio\chessGame\server\src\server\index.ts
Error: Cannot find module '@/services/users'
Require stack:
- C:\Users\alexa\CodeVStudio\chessGame\server\src\libs\passport.ts
- C:\Users\alexa\CodeVStudio\chessGame\server\src\server\app.ts
- C:\Users\alexa\CodeVStudio\chessGame\server\src\server\index.ts
    at Function.Module._resolveFilename (node:internal/modules/cjs/loader:1145:15)
    at Function.Module._resolveFilename.sharedData.moduleResolveFilenameHook.installedValue (C:\Users\alexa\CodeVStudio\chessGame\node_modules\.pnpm\@cspotcode+source-map-support@0.8.1\node_modules\@cspotcode\source-map-support\source-map-support.js:811:30)
    at Function.Module._resolveFilename (C:\Users\alexa\CodeVStudio\chessGame\node_modules\.pnpm\tsconfig-paths@4.2.0\node_modules\tsconfig-paths\src\register.ts:115:36)
    at Function.Module._load (node:internal/modules/cjs/loader:986:27)
    at Module.require (node:internal/modules/cjs/loader:1233:19)
    at require (node:internal/modules/helpers:179:18)
    at Object.<anonymous> (C:\Users\alexa\CodeVStudio\chessGame\server\src\libs\passport.ts:9:1)
    at Module._compile (node:internal/modules/cjs/loader:1358:14)
    at Module.m._compile (C:\Users\alexa\CodeVStudio\chessGame\node_modules\.pnpm\ts-node@10.9.2_@swc+core@1._aa2170ea154de2f44cc6051b714e978d\node_modules\ts-node\src\index.ts:1618:23)
    at Module._extensions..js (node:internal/modules/cjs/loader:1416:10)
